<?xml version="1.0" encoding="UTF-8"?>
<!-- Generated by org.testng.reporters.JUnitReportReporter -->
<testsuite hostname="DESKTOP-SFQ0KA6" failures="0" tests="2" name="qaclickacademy.RestApiTest" time="0.015" errors="0" timestamp="19 Oct 2019 18:46:36 GMT" skipped="0">
  <testcase classname="qaclickacademy.RestApiTest" name="deleteTewitter" time="0.015"/>
  <testcase classname="qaclickacademy.RestApiTest" name="postJira" time="0.000"/>
</testsuite> <!-- qaclickacademy.RestApiTest -->
