<?xml version="1.0" encoding="UTF-8"?>
<!-- Generated by org.testng.reporters.JUnitReportReporter -->
<testsuite hostname="DESKTOP-SFQ0KA6" failures="0" tests="2" name="qaclickacademy.SeleniumTest" time="0.028" errors="0" timestamp="29 Oct 2019 04:37:22 GMT" skipped="0">
  <testcase classname="qaclickacademy.SeleniumTest" name="BrowserAutomation" time="0.026"/>
  <testcase classname="qaclickacademy.SeleniumTest" name="elements" time="0.002"/>
</testsuite> <!-- qaclickacademy.SeleniumTest -->
