<?xml version="1.0" encoding="UTF-8"?>
<!-- Generated by org.testng.reporters.JUnitReportReporter -->
<testsuite hostname="DESKTOP-SFQ0KA6" failures="0" tests="1" name="qaclickacademy.AppiumTest" time="0.031" errors="0" timestamp="19 Oct 2019 18:46:36 GMT" skipped="0">
  <testcase classname="qaclickacademy.AppiumTest" name="iosApps" time="0.031"/>
</testsuite> <!-- qaclickacademy.AppiumTest -->
