<?xml version="1.0" encoding="UTF-8"?>
<!-- Generated by org.testng.reporters.JUnitReportReporter -->
<testsuite hostname="DESKTOP-SFQ0KA6" failures="0" tests="2" name="qaclickacademy.AppiumTest" time="0.021" errors="0" timestamp="31 Oct 2019 19:23:28 GMT" skipped="0">
  <testcase classname="qaclickacademy.AppiumTest" name="navtiveAppAndriod" time="0.000"/>
  <testcase classname="qaclickacademy.AppiumTest" name="iosApps" time="0.021"/>
</testsuite> <!-- qaclickacademy.AppiumTest -->
