<?xml version="1.0" encoding="UTF-8"?>
<!-- Generated by org.testng.reporters.JUnitReportReporter -->
<testsuite hostname="DESKTOP-SFQ0KA6" failures="0" tests="2" name="qaclickacademy.RestApiTest" time="0.000" errors="0" timestamp="31 Oct 2019 19:23:28 GMT" skipped="0">
  <testcase classname="qaclickacademy.RestApiTest" name="deleteTewitter" time="0.000"/>
  <testcase classname="qaclickacademy.RestApiTest" name="postJira" time="0.000"/>
</testsuite> <!-- qaclickacademy.RestApiTest -->
